<?xml version="1.0" encoding="UTF-8"?>
<testsuite name="com.encore.petandbe.controller.user.user.api.UserSignUpControllerTest" tests="1" skipped="0" failures="0" errors="0" timestamp="2022-11-14T09:29:31" hostname="LAPTOP-21LIULFA" time="0.393">
  <properties/>
  <testcase name="유저 회원 가입 테스트 - 정상" classname="com.encore.petandbe.controller.user.user.api.UserSignUpControllerTest" time="0.393"/>
  <system-out><![CDATA[18:29:28.148 [Test worker] DEBUG org.springframework.test.context.BootstrapUtils - Instantiating CacheAwareContextLoaderDelegate from class [org.springframework.test.context.cache.DefaultCacheAwareContextLoaderDelegate]
18:29:28.159 [Test worker] DEBUG org.springframework.test.context.BootstrapUtils - Instantiating BootstrapContext using constructor [public org.springframework.test.context.support.DefaultBootstrapContext(java.lang.Class,org.springframework.test.context.CacheAwareContextLoaderDelegate)]
18:29:28.193 [Test worker] DEBUG org.springframework.test.context.BootstrapUtils - Instantiating TestContextBootstrapper for test class [com.encore.petandbe.controller.user.user.api.UserSignUpControllerTest] from class [org.springframework.boot.test.autoconfigure.web.servlet.WebMvcTestContextBootstrapper]
18:29:28.207 [Test worker] INFO org.springframework.boot.test.autoconfigure.web.servlet.WebMvcTestContextBootstrapper - Neither @ContextConfiguration nor @ContextHierarchy found for test class [com.encore.petandbe.controller.user.user.api.UserSignUpControllerTest], using SpringBootContextLoader
18:29:28.210 [Test worker] DEBUG org.springframework.test.context.support.AbstractContextLoader - Did not detect default resource location for test class [com.encore.petandbe.controller.user.user.api.UserSignUpControllerTest]: class path resource [com/encore/petandbe/controller/user/user/api/UserSignUpControllerTest-context.xml] does not exist
18:29:28.211 [Test worker] DEBUG org.springframework.test.context.support.AbstractContextLoader - Did not detect default resource location for test class [com.encore.petandbe.controller.user.user.api.UserSignUpControllerTest]: class path resource [com/encore/petandbe/controller/user/user/api/UserSignUpControllerTestContext.groovy] does not exist
18:29:28.211 [Test worker] INFO org.springframework.test.context.support.AbstractContextLoader - Could not detect default resource locations for test class [com.encore.petandbe.controller.user.user.api.UserSignUpControllerTest]: no resource found for suffixes {-context.xml, Context.groovy}.
18:29:28.212 [Test worker] INFO org.springframework.test.context.support.AnnotationConfigContextLoaderUtils - Could not detect default configuration classes for test class [com.encore.petandbe.controller.user.user.api.UserSignUpControllerTest]: UserSignUpControllerTest does not declare any static, non-private, non-final, nested classes annotated with @Configuration.
18:29:28.281 [Test worker] DEBUG org.springframework.test.context.support.ActiveProfilesUtils - Could not find an 'annotation declaring class' for annotation type [org.springframework.test.context.ActiveProfiles] and class [com.encore.petandbe.controller.user.user.api.UserSignUpControllerTest]
18:29:28.356 [Test worker] DEBUG org.springframework.context.annotation.ClassPathScanningCandidateComponentProvider - Identified candidate component class: file [C:\Users\playdata\Desktop\petandbe\build\classes\java\main\com\encore\petandbe\PetandbeApplication.class]
18:29:28.357 [Test worker] INFO org.springframework.boot.test.context.SpringBootTestContextBootstrapper - Found @SpringBootConfiguration com.encore.petandbe.PetandbeApplication for test class com.encore.petandbe.controller.user.user.api.UserSignUpControllerTest
18:29:28.360 [Test worker] DEBUG org.springframework.boot.test.autoconfigure.web.servlet.WebMvcTestContextBootstrapper - @TestExecutionListeners is not present for class [com.encore.petandbe.controller.user.user.api.UserSignUpControllerTest]: using defaults.
18:29:28.360 [Test worker] INFO org.springframework.boot.test.autoconfigure.web.servlet.WebMvcTestContextBootstrapper - Loaded default TestExecutionListener class names from location [META-INF/spring.factories]: [org.springframework.boot.test.autoconfigure.restdocs.RestDocsTestExecutionListener, org.springframework.boot.test.autoconfigure.web.client.MockRestServiceServerResetTestExecutionListener, org.springframework.boot.test.autoconfigure.web.servlet.MockMvcPrintOnlyOnFailureTestExecutionListener, org.springframework.boot.test.autoconfigure.web.servlet.WebDriverTestExecutionListener, org.springframework.boot.test.autoconfigure.webservices.client.MockWebServiceServerTestExecutionListener, org.springframework.boot.test.mock.mockito.MockitoTestExecutionListener, org.springframework.boot.test.mock.mockito.ResetMocksTestExecutionListener, org.springframework.test.context.web.ServletTestExecutionListener, org.springframework.test.context.support.DirtiesContextBeforeModesTestExecutionListener, org.springframework.test.context.event.ApplicationEventsTestExecutionListener, org.springframework.test.context.support.DependencyInjectionTestExecutionListener, org.springframework.test.context.support.DirtiesContextTestExecutionListener, org.springframework.test.context.transaction.TransactionalTestExecutionListener, org.springframework.test.context.jdbc.SqlScriptsTestExecutionListener, org.springframework.test.context.event.EventPublishingTestExecutionListener]
18:29:28.376 [Test worker] INFO org.springframework.boot.test.autoconfigure.web.servlet.WebMvcTestContextBootstrapper - Using TestExecutionListeners: [org.springframework.test.context.web.ServletTestExecutionListener@5c77053b, org.springframework.test.context.support.DirtiesContextBeforeModesTestExecutionListener@26b894bd, org.springframework.test.context.event.ApplicationEventsTestExecutionListener@287f94b1, org.springframework.boot.test.mock.mockito.MockitoTestExecutionListener@30b34287, org.springframework.boot.test.autoconfigure.SpringBootDependencyInjectionTestExecutionListener@5489c777, org.springframework.test.context.support.DirtiesContextTestExecutionListener@3676ac27, org.springframework.test.context.transaction.TransactionalTestExecutionListener@62f87c44, org.springframework.test.context.jdbc.SqlScriptsTestExecutionListener@48f5bde6, org.springframework.test.context.event.EventPublishingTestExecutionListener@525d79f0, org.springframework.boot.test.autoconfigure.restdocs.RestDocsTestExecutionListener@5149f008, org.springframework.boot.test.autoconfigure.web.client.MockRestServiceServerResetTestExecutionListener@7072bc39, org.springframework.boot.test.autoconfigure.web.servlet.MockMvcPrintOnlyOnFailureTestExecutionListener@158d255c, org.springframework.boot.test.autoconfigure.web.servlet.WebDriverTestExecutionListener@2ca65ce4, org.springframework.boot.test.autoconfigure.webservices.client.MockWebServiceServerTestExecutionListener@327120c8, org.springframework.boot.test.mock.mockito.ResetMocksTestExecutionListener@5707c1cb]
18:29:28.382 [Test worker] DEBUG org.springframework.test.context.support.AbstractDirtiesContextTestExecutionListener - Before test class: context [DefaultTestContext@7646731d testClass = UserSignUpControllerTest, testInstance = [null], testMethod = [null], testException = [null], mergedContextConfiguration = [WebMergedContextConfiguration@70e29e14 testClass = UserSignUpControllerTest, locations = '{}', classes = '{class com.encore.petandbe.PetandbeApplication}', contextInitializerClasses = '[]', activeProfiles = '{}', propertySourceLocations = '{}', propertySourceProperties = '{org.springframework.boot.test.autoconfigure.web.servlet.WebMvcTestContextBootstrapper=true}', contextCustomizers = set[org.springframework.boot.test.autoconfigure.OverrideAutoConfigurationContextCustomizerFactory$DisableAutoConfigurationContextCustomizer@38f57b3d, org.springframework.boot.test.autoconfigure.actuate.metrics.MetricsExportContextCustomizerFactory$DisableMetricExportContextCustomizer@e260766, org.springframework.boot.test.autoconfigure.filter.TypeExcludeFiltersContextCustomizer@a88d1755, org.springframework.boot.test.autoconfigure.properties.PropertyMappingContextCustomizer@563679d6, org.springframework.boot.test.autoconfigure.web.servlet.WebDriverContextCustomizerFactory$Customizer@7e242b4d, [ImportsContextCustomizer@3b1bb3ab key = [@org.springframework.boot.test.autoconfigure.web.servlet.AutoConfigureWebMvc(), @org.springframework.boot.test.autoconfigure.core.AutoConfigureCache(cacheProvider=NONE), @org.springframework.context.annotation.Import(value={org.springframework.boot.test.autoconfigure.restdocs.RestDocumentationContextProviderRegistrar.class}), @org.springframework.boot.test.autoconfigure.properties.PropertyMapping(value="spring.test.mockmvc", skip=NO), @org.springframework.context.annotation.Import(value={org.springframework.boot.autoconfigure.ImportAutoConfigurationImportSelector.class}), @org.springframework.test.context.BootstrapWith(value=org.springframework.boot.test.autoconfigure.web.servlet.WebMvcTestContextBootstrapper.class), @org.springframework.boot.test.autoconfigure.properties.PropertyMapping(value="spring.test.restdocs", skip=NO), @org.springframework.boot.test.autoconfigure.filter.TypeExcludeFilters(value={org.springframework.boot.test.autoconfigure.web.servlet.WebMvcTypeExcludeFilter.class}), @org.springframework.boot.autoconfigure.ImportAutoConfiguration(value={}, exclude={}, classes={}), @org.springframework.boot.test.autoconfigure.web.servlet.WebMvcTest(useDefaultFilters=true, excludeFilters={}, controllers={com.encore.petandbe.controller.user.user.api.UserSignUpController.class}, excludeAutoConfiguration={}, value={}, includeFilters={}, properties={}), @org.springframework.boot.test.autoconfigure.web.servlet.AutoConfigureMockMvc(webDriverEnabled=true, print=DEFAULT, webClientEnabled=true, addFilters=true, printOnlyOnFailure=true), @org.springframework.boot.test.autoconfigure.restdocs.AutoConfigureRestDocs(uriScheme="http", outputDir="", uriPort=8080, value="", uriHost="localhost"), @org.springframework.boot.test.autoconfigure.OverrideAutoConfiguration(enabled=false)]], org.springframework.boot.test.context.filter.ExcludeFilterContextCustomizer@5d465e4b, org.springframework.boot.test.json.DuplicateJsonObjectContextCustomizerFactory$DuplicateJsonObjectContextCustomizer@3d8bbcdc, org.springframework.boot.test.mock.mockito.MockitoContextCustomizer@3be7995f, org.springframework.boot.test.context.SpringBootTestArgs@1, org.springframework.boot.test.context.SpringBootTestWebEnvironment@0], resourceBasePath = 'src/main/webapp', contextLoader = 'org.springframework.boot.test.context.SpringBootContextLoader', parent = [null]], attributes = map[[empty]]], class annotated with @DirtiesContext [false] with mode [null].

  .   ____          _            __ _ _
 /\\ / ___'_ __ _ _(_)_ __  __ _ \ \ \ \
( ( )\___ | '_ | '_| | '_ \/ _` | \ \ \ \
 \\/  ___)| |_)| | | | | || (_| |  ) ) ) )
  '  |____| .__|_| |_|_| |_\__, | / / / /
 =========|_|==============|___/=/_/_/_/
 :: Spring Boot ::                (v2.7.0)

2022-11-14 18:29:28.874  INFO 13424 --- [    Test worker] c.e.p.c.u.u.a.UserSignUpControllerTest   : Starting UserSignUpControllerTest using Java 11.0.16.1 on LAPTOP-21LIULFA with PID 13424 (started by playdata in C:\Users\playdata\Desktop\petandbe)
2022-11-14 18:29:28.875  INFO 13424 --- [    Test worker] c.e.p.c.u.u.a.UserSignUpControllerTest   : No active profile set, falling back to 1 default profile: "default"
2022-11-14 18:29:31.263  INFO 13424 --- [    Test worker] o.s.b.t.m.w.SpringBootMockServletContext : Initializing Spring TestDispatcherServlet ''
2022-11-14 18:29:31.264  INFO 13424 --- [    Test worker] o.s.t.web.servlet.TestDispatcherServlet  : Initializing Servlet ''
2022-11-14 18:29:31.265  INFO 13424 --- [    Test worker] o.s.t.web.servlet.TestDispatcherServlet  : Completed initialization in 1 ms
2022-11-14 18:29:31.293  INFO 13424 --- [    Test worker] c.e.p.c.u.u.a.UserSignUpControllerTest   : Started UserSignUpControllerTest in 2.855 seconds (JVM running for 4.176)

MockHttpServletRequest:
      HTTP Method = POST
      Request URI = /user/signup
       Parameters = {}
          Headers = [Content-Type:"application/json;charset=UTF-8", Accept:"application/json", Content-Length:"72"]
             Body = {"token": "token123", "email": "gnsrl@naver.com", "nickname": "rnfjddl"}
    Session Attrs = {}

Handler:
             Type = com.encore.petandbe.controller.user.user.api.UserSignUpController
           Method = com.encore.petandbe.controller.user.user.api.UserSignUpController#userSignUp(UserSignUpRequest)

Async:
    Async started = false
     Async result = null

Resolved Exception:
             Type = null

ModelAndView:
        View name = null
             View = null
            Model = null

FlashMap:
       Attributes = null

MockHttpServletResponse:
           Status = 201
    Error message = null
          Headers = [Content-Type:"application/json"]
     Content type = application/json
             Body = {"token":"token123","email":"gnsrl@naver.com","nickname":"rnfjddl"}
    Forwarded URL = null
   Redirected URL = null
          Cookies = []
]]></system-out>
  <system-err><![CDATA[]]></system-err>
</testsuite>
