<?xml version="1.0" encoding="UTF-8"?>
<testsuite name="com.encore.petandbe.controller.accommodation.review.api.ReviewGetListControllerTest" tests="1" skipped="0" failures="0" errors="0" timestamp="2022-11-15T00:26:24" hostname="DESKTOP-8AHN7E5" time="0.241">
  <properties/>
  <testcase name="Get Review List By UserId - success" classname="com.encore.petandbe.controller.accommodation.review.api.ReviewGetListControllerTest" time="0.241"/>
  <system-out><![CDATA[09:26:21.170 [Test worker] DEBUG org.springframework.test.context.BootstrapUtils - Instantiating CacheAwareContextLoaderDelegate from class [org.springframework.test.context.cache.DefaultCacheAwareContextLoaderDelegate]
09:26:21.187 [Test worker] DEBUG org.springframework.test.context.BootstrapUtils - Instantiating BootstrapContext using constructor [public org.springframework.test.context.support.DefaultBootstrapContext(java.lang.Class,org.springframework.test.context.CacheAwareContextLoaderDelegate)]
09:26:21.266 [Test worker] DEBUG org.springframework.test.context.BootstrapUtils - Instantiating TestContextBootstrapper for test class [com.encore.petandbe.controller.accommodation.review.api.ReviewGetListControllerTest] from class [org.springframework.boot.test.autoconfigure.web.servlet.WebMvcTestContextBootstrapper]
09:26:21.280 [Test worker] INFO org.springframework.boot.test.autoconfigure.web.servlet.WebMvcTestContextBootstrapper - Neither @ContextConfiguration nor @ContextHierarchy found for test class [com.encore.petandbe.controller.accommodation.review.api.ReviewGetListControllerTest], using SpringBootContextLoader
09:26:21.285 [Test worker] DEBUG org.springframework.test.context.support.AbstractContextLoader - Did not detect default resource location for test class [com.encore.petandbe.controller.accommodation.review.api.ReviewGetListControllerTest]: class path resource [com/encore/petandbe/controller/accommodation/review/api/ReviewGetListControllerTest-context.xml] does not exist
09:26:21.286 [Test worker] DEBUG org.springframework.test.context.support.AbstractContextLoader - Did not detect default resource location for test class [com.encore.petandbe.controller.accommodation.review.api.ReviewGetListControllerTest]: class path resource [com/encore/petandbe/controller/accommodation/review/api/ReviewGetListControllerTestContext.groovy] does not exist
09:26:21.286 [Test worker] INFO org.springframework.test.context.support.AbstractContextLoader - Could not detect default resource locations for test class [com.encore.petandbe.controller.accommodation.review.api.ReviewGetListControllerTest]: no resource found for suffixes {-context.xml, Context.groovy}.
09:26:21.287 [Test worker] INFO org.springframework.test.context.support.AnnotationConfigContextLoaderUtils - Could not detect default configuration classes for test class [com.encore.petandbe.controller.accommodation.review.api.ReviewGetListControllerTest]: ReviewGetListControllerTest does not declare any static, non-private, non-final, nested classes annotated with @Configuration.
09:26:21.414 [Test worker] DEBUG org.springframework.test.context.support.ActiveProfilesUtils - Could not find an 'annotation declaring class' for annotation type [org.springframework.test.context.ActiveProfiles] and class [com.encore.petandbe.controller.accommodation.review.api.ReviewGetListControllerTest]
09:26:21.482 [Test worker] DEBUG org.springframework.context.annotation.ClassPathScanningCandidateComponentProvider - Identified candidate component class: file [C:\Users\J\Desktop\project\petnolja\petandbe\build\classes\java\main\com\encore\petandbe\PetandbeApplication.class]
09:26:21.484 [Test worker] INFO org.springframework.boot.test.context.SpringBootTestContextBootstrapper - Found @SpringBootConfiguration com.encore.petandbe.PetandbeApplication for test class com.encore.petandbe.controller.accommodation.review.api.ReviewGetListControllerTest
09:26:21.487 [Test worker] DEBUG org.springframework.boot.test.autoconfigure.web.servlet.WebMvcTestContextBootstrapper - @TestExecutionListeners is not present for class [com.encore.petandbe.controller.accommodation.review.api.ReviewGetListControllerTest]: using defaults.
09:26:21.488 [Test worker] INFO org.springframework.boot.test.autoconfigure.web.servlet.WebMvcTestContextBootstrapper - Loaded default TestExecutionListener class names from location [META-INF/spring.factories]: [org.springframework.boot.test.autoconfigure.restdocs.RestDocsTestExecutionListener, org.springframework.boot.test.autoconfigure.web.client.MockRestServiceServerResetTestExecutionListener, org.springframework.boot.test.autoconfigure.web.servlet.MockMvcPrintOnlyOnFailureTestExecutionListener, org.springframework.boot.test.autoconfigure.web.servlet.WebDriverTestExecutionListener, org.springframework.boot.test.autoconfigure.webservices.client.MockWebServiceServerTestExecutionListener, org.springframework.boot.test.mock.mockito.MockitoTestExecutionListener, org.springframework.boot.test.mock.mockito.ResetMocksTestExecutionListener, org.springframework.test.context.web.ServletTestExecutionListener, org.springframework.test.context.support.DirtiesContextBeforeModesTestExecutionListener, org.springframework.test.context.event.ApplicationEventsTestExecutionListener, org.springframework.test.context.support.DependencyInjectionTestExecutionListener, org.springframework.test.context.support.DirtiesContextTestExecutionListener, org.springframework.test.context.transaction.TransactionalTestExecutionListener, org.springframework.test.context.jdbc.SqlScriptsTestExecutionListener, org.springframework.test.context.event.EventPublishingTestExecutionListener]
09:26:21.509 [Test worker] INFO org.springframework.boot.test.autoconfigure.web.servlet.WebMvcTestContextBootstrapper - Using TestExecutionListeners: [org.springframework.test.context.web.ServletTestExecutionListener@71a9b4c7, org.springframework.test.context.support.DirtiesContextBeforeModesTestExecutionListener@4628b1d3, org.springframework.test.context.event.ApplicationEventsTestExecutionListener@77cf3f8b, org.springframework.boot.test.mock.mockito.MockitoTestExecutionListener@1df98368, org.springframework.boot.test.autoconfigure.SpringBootDependencyInjectionTestExecutionListener@21ca139c, org.springframework.test.context.support.DirtiesContextTestExecutionListener@226f885f, org.springframework.test.context.transaction.TransactionalTestExecutionListener@2cd2c8fe, org.springframework.test.context.jdbc.SqlScriptsTestExecutionListener@7d61eccf, org.springframework.test.context.event.EventPublishingTestExecutionListener@cc6460c, org.springframework.boot.test.autoconfigure.restdocs.RestDocsTestExecutionListener@52350abb, org.springframework.boot.test.autoconfigure.web.client.MockRestServiceServerResetTestExecutionListener@681aad3b, org.springframework.boot.test.autoconfigure.web.servlet.MockMvcPrintOnlyOnFailureTestExecutionListener@1a6f2363, org.springframework.boot.test.autoconfigure.web.servlet.WebDriverTestExecutionListener@2427e004, org.springframework.boot.test.autoconfigure.webservices.client.MockWebServiceServerTestExecutionListener@5ebd56e9, org.springframework.boot.test.mock.mockito.ResetMocksTestExecutionListener@63f34b70]
09:26:21.514 [Test worker] DEBUG org.springframework.test.context.support.AbstractDirtiesContextTestExecutionListener - Before test class: context [DefaultTestContext@5a62b2a4 testClass = ReviewGetListControllerTest, testInstance = [null], testMethod = [null], testException = [null], mergedContextConfiguration = [WebMergedContextConfiguration@1051817b testClass = ReviewGetListControllerTest, locations = '{}', classes = '{class com.encore.petandbe.PetandbeApplication}', contextInitializerClasses = '[]', activeProfiles = '{}', propertySourceLocations = '{}', propertySourceProperties = '{org.springframework.boot.test.autoconfigure.web.servlet.WebMvcTestContextBootstrapper=true}', contextCustomizers = set[org.springframework.boot.test.autoconfigure.OverrideAutoConfigurationContextCustomizerFactory$DisableAutoConfigurationContextCustomizer@5778826f, org.springframework.boot.test.autoconfigure.actuate.metrics.MetricsExportContextCustomizerFactory$DisableMetricExportContextCustomizer@1c80e49b, org.springframework.boot.test.autoconfigure.filter.TypeExcludeFiltersContextCustomizer@7c5f6a35, org.springframework.boot.test.autoconfigure.properties.PropertyMappingContextCustomizer@e85e0cfc, org.springframework.boot.test.autoconfigure.web.servlet.WebDriverContextCustomizerFactory$Customizer@f74e835, [ImportsContextCustomizer@35293c05 key = [@org.springframework.boot.test.autoconfigure.web.servlet.AutoConfigureWebMvc(), @org.springframework.boot.test.autoconfigure.core.AutoConfigureCache(cacheProvider=NONE), @org.springframework.boot.test.autoconfigure.properties.PropertyMapping(value="spring.test.restdocs", skip=NO), @org.springframework.boot.test.autoconfigure.properties.PropertyMapping(value="spring.test.mockmvc", skip=NO), @org.springframework.boot.test.autoconfigure.filter.TypeExcludeFilters(value={org.springframework.boot.test.autoconfigure.web.servlet.WebMvcTypeExcludeFilter.class}), @org.springframework.test.context.BootstrapWith(value=org.springframework.boot.test.autoconfigure.web.servlet.WebMvcTestContextBootstrapper.class), @org.springframework.context.annotation.Import(value={org.springframework.boot.test.autoconfigure.restdocs.RestDocumentationContextProviderRegistrar.class}), @org.springframework.context.annotation.Import(value={org.springframework.boot.autoconfigure.ImportAutoConfigurationImportSelector.class}), @org.springframework.boot.test.autoconfigure.web.servlet.AutoConfigureMockMvc(webDriverEnabled=true, print=DEFAULT, webClientEnabled=true, addFilters=true, printOnlyOnFailure=true), @org.springframework.boot.autoconfigure.ImportAutoConfiguration(value={}, exclude={}, classes={}), @org.springframework.boot.test.autoconfigure.restdocs.AutoConfigureRestDocs(uriScheme="http", outputDir="", uriPort=8080, value="", uriHost="localhost"), @org.springframework.boot.test.autoconfigure.web.servlet.WebMvcTest(excludeFilters={}, useDefaultFilters=true, controllers={com.encore.petandbe.controller.accommodation.review.api.ReviewGetListController.class}, excludeAutoConfiguration={}, value={}, includeFilters={}, properties={}), @org.springframework.boot.test.autoconfigure.OverrideAutoConfiguration(enabled=false)]], org.springframework.boot.test.context.filter.ExcludeFilterContextCustomizer@4648ce9, org.springframework.boot.test.json.DuplicateJsonObjectContextCustomizerFactory$DuplicateJsonObjectContextCustomizer@274872f8, org.springframework.boot.test.mock.mockito.MockitoContextCustomizer@cbb655e5, org.springframework.boot.test.context.SpringBootTestArgs@1, org.springframework.boot.test.context.SpringBootTestWebEnvironment@0], resourceBasePath = 'src/main/webapp', contextLoader = 'org.springframework.boot.test.context.SpringBootContextLoader', parent = [null]], attributes = map[[empty]]], class annotated with @DirtiesContext [false] with mode [null].

  .   ____          _            __ _ _
 /\\ / ___'_ __ _ _(_)_ __  __ _ \ \ \ \
( ( )\___ | '_ | '_| | '_ \/ _` | \ \ \ \
 \\/  ___)| |_)| | | | | || (_| |  ) ) ) )
  '  |____| .__|_| |_|_| |_\__, | / / / /
 =========|_|==============|___/=/_/_/_/
 :: Spring Boot ::                (v2.7.0)

2022-11-15 09:26:22.224  INFO 2912 --- [    Test worker] .e.p.c.a.r.a.ReviewGetListControllerTest : Starting ReviewGetListControllerTest using Java 11.0.15 on DESKTOP-8AHN7E5 with PID 2912 (started by J in C:\Users\J\Desktop\project\petnolja\petandbe)
2022-11-15 09:26:22.226  INFO 2912 --- [    Test worker] .e.p.c.a.r.a.ReviewGetListControllerTest : No active profile set, falling back to 1 default profile: "default"
2022-11-15 09:26:24.645  INFO 2912 --- [    Test worker] o.s.b.t.m.w.SpringBootMockServletContext : Initializing Spring TestDispatcherServlet ''
2022-11-15 09:26:24.645  INFO 2912 --- [    Test worker] o.s.t.web.servlet.TestDispatcherServlet  : Initializing Servlet ''
2022-11-15 09:26:24.646  INFO 2912 --- [    Test worker] o.s.t.web.servlet.TestDispatcherServlet  : Completed initialization in 1 ms
2022-11-15 09:26:24.698  INFO 2912 --- [    Test worker] .e.p.c.a.r.a.ReviewGetListControllerTest : Started ReviewGetListControllerTest in 3.108 seconds (JVM running for 5.235)

MockHttpServletRequest:
      HTTP Method = POST
      Request URI = /review-list/get-review-list-by-userid
       Parameters = {}
          Headers = [Content-Type:"application/json;charset=UTF-8", Accept:"application/json", Content-Length:"45"]
             Body = {"userId":"token123","pageNum":3,"amount":10}
    Session Attrs = {}

Handler:
             Type = com.encore.petandbe.controller.accommodation.review.api.ReviewGetListController
           Method = com.encore.petandbe.controller.accommodation.review.api.ReviewGetListController#getReviewListByUserId(GetReviewListByUserIdRequests)

Async:
    Async started = false
     Async result = null

Resolved Exception:
             Type = null

ModelAndView:
        View name = null
             View = null
            Model = null

FlashMap:
       Attributes = null

MockHttpServletResponse:
           Status = 200
    Error message = null
          Headers = [Content-Type:"application/json"]
     Content type = application/json
             Body = {"endPage":13,"startPage":1,"nextPageExist":true,"prevPageExist":true,"selectPage":3,"amountItem":10}
    Forwarded URL = null
   Redirected URL = null
          Cookies = []
]]></system-out>
  <system-err><![CDATA[]]></system-err>
</testsuite>
